1511921700259	geckodriver	INFO	geckodriver 0.19.0 (f0b5f3476d8b05a3bacebb06056ff933e26a17fa 2017-09-16)
1511921700274	geckodriver	INFO	Listening on 127.0.0.1:54513
1511921702301	mozrunner::runner	INFO	Running command: "C:\\Program Files (x86)\\Mozilla Firefox\\firefox.exe" "-marionette" "-profile" "C:\\Users\\szj\\AppData\\Local\\Temp\\rust_mozprofile.lRlWchc7KpcC"
1511921702667	addons.xpi	WARN	Error parsing extensions state: [Exception... "Component returned failure code: 0x80520012 (NS_ERROR_FILE_NOT_FOUND) [amIAddonManagerStartup.readStartupData]"  nsresult: "0x80520012 (NS_ERROR_FILE_NOT_FOUND)"  location: "JS frame :: resource://gre/modules/addons/XPIProvider.jsm :: loadExtensionState :: line 1596"  data: no] Stack trace: loadExtensionState()@resource://gre/modules/addons/XPIProvider.jsm:1596 < getInstallState()@resource://gre/modules/addons/XPIProvider.jsm:1631 < checkForChanges()@resource://gre/modules/addons/XPIProvider.jsm:3152 < startup()@resource://gre/modules/addons/XPIProvider.jsm:2246 < callProvider()@resource://gre/modules/AddonManager.jsm:271 < _startProvider()@resource://gre/modules/AddonManager.jsm:741 < startup()@resource://gre/modules/AddonManager.jsm:908 < startup()@resource://gre/modules/AddonManager.jsm:3122 < observe()@jar:file:///C:/Program%20Files%20(x86)/Mozilla%20Firefox/omni.ja!/components/addonManager.js:65
1511921703652	Marionette	INFO	Enabled via --marionette
JavaScript error: resource:///modules/ExtensionsUI.jsm, line 50: TypeError: RecentWindow.getMostRecentBrowserWindow(...) is null
[Parent 12628] WARNING: pipe error: 109: file c:/builds/moz2_slave/m-rel-w32-00000000000000000000/build/src/ipc/chromium/src/chrome/common/ipc_channel_win.cc, line 346
[Child 7172] WARNING: pipe error: 109: file c:/builds/moz2_slave/m-rel-w32-00000000000000000000/build/src/ipc/chromium/src/chrome/common/ipc_channel_win.cc, line 346
1511921707082	Marionette	INFO	Listening on port 54519
1511921707094	Marionette	INFO	Listening on port 54519
1511921707541	Marionette	WARN	TLS certificate errors will be ignored for this session
1511921707593	Marionette	DEBUG	loaded listener.js
1511921707637	Marionette	DEBUG	Received DOM event "beforeunload" for "about:blank"
1511921707865	Marionette	DEBUG	Received DOM event "pagehide" for "about:blank"
1511921707865	Marionette	DEBUG	Received DOM event "unload" for "about:blank"
1511921708226	Marionette	DEBUG	Received DOM event "DOMContentLoaded" for "https://192.168.16.113/userMainAction.action"
1511921708335	Marionette	DEBUG	Received DOM event "pageshow" for "https://192.168.16.113/userMainAction.action"
JavaScript error: jar:file:///C:/Program%20Files%20(x86)/Mozilla%20Firefox/browser/omni.ja!/components/nsBrowserGlue.js, line 999: TypeError: win is null
JavaScript error: jar:file:///C:/Program%20Files%20(x86)/Mozilla%20Firefox/browser/omni.ja!/components/nsBrowserGlue.js, line 999: TypeError: win is null
JavaScript error: jar:file:///C:/Program%20Files%20(x86)/Mozilla%20Firefox/browser/omni.ja!/components/nsBrowserGlue.js, line 999: TypeError: win is null
[GPU 12764] WARNING: pipe error: 109: file c:/builds/moz2_slave/m-rel-w32-00000000000000000000/build/src/ipc/chromium/src/chrome/common/ipc_channel_win.cc, line 346
[Parent 12628] WARNING: pipe error: 109: file c:/builds/moz2_slave/m-rel-w32-00000000000000000000/build/src/ipc/chromium/src/chrome/common/ipc_channel_win.cc, line 346
Processing error: message was deserialized, but the handler returned false (indicating failure)

IPDL protocol error: Handler returned error code!

###!!! [Parent][DispatchAsyncMessage] Error: PLayerTransaction::Msg_ReleaseLayer Processing error: message was deserialized, but the handler returned false (indicating failure)

IPDL protocol error: Handler returned error code!

###!!! [Parent][DispatchAsyncMessage] Error: PLayerTransaction::Msg_ReleaseLayer Processing error: message was deserialized, but the handler returned false (indicating failure)

[GPU 10552] WARNING: pipe error: 109: file c:/builds/moz2_slave/m-rel-w32-00000000000000000000/build/src/ipc/chromium/src/chrome/common/ipc_channel_win.cc, line 346
[GPU 10552] WARNING: pipe error: 109: file c:/builds/moz2_slave/m-rel-w32-00000000000000000000/build/src/ipc/chromium/src/chrome/common/ipc_channel_win.cc, line 346
[GPU 10552] WARNING: pipe error: 109: file c:/builds/moz2_slave/m-rel-w32-00000000000000000000/build/src/ipc/chromium/src/chrome/common/ipc_channel_win.cc, line 346
[Child 11816] WARNING: pipe error: 109: file c:/builds/moz2_slave/m-rel-w32-00000000000000000000/build/src/ipc/chromium/src/chrome/common/ipc_channel_win.cc, line 346
[Child 11816] WARNING: pipe error: 109: file c:/builds/moz2_slave/m-rel-w32-00000000000000000000/build/src/ipc/chromium/src/chrome/common/ipc_channel_win.cc, line 346
[GPU 10552] WARNING: pipe error: 109: file c:/builds/moz2_slave/m-rel-w32-00000000000000000000/build/src/ipc/chromium/src/chrome/common/ipc_channel_win.cc, line 346

###!!! [Child][MessageChannel::SendAndWait] Error: Channel error: cannot send/recv

